uBridge version 0.9.19 running with libpcap version 1.10.1 (with TPACKET_V3)
Hypervisor TCP control server started (IP localhost port 37393).
UDP tunnel connecting from local port 10003 to IPv4 address 127.0.0.1 on port 10002
Source NIO listener thread for 494ac0e3-fc5e-430d-be22-f894a9bcf77b-0 has started
Destination NIO listener thread for 494ac0e3-fc5e-430d-be22-f894a9bcf77b-0 has started
recv: Connection refused
recv: Connection refused
recv: Connection refused
recv: Connection refused
send: Connection refused
recv: Connection refused
recv: Connection refused
recv: Connection refused
recv: Connection refused
recv: Connection refused
recv: Connection refused
recv: Connection refused
recv: Connection refused
recv: Connection refused
recv: Connection refused
recv: Connection refused
recv: Connection refused
recv: Connection refused
recv: Connection refused
recv: Connection refused
recv: Connection refused
recv: Connection refused
recv: Connection refused
recv: Connection refused
